<?xml version="1.0" encoding="UTF-8"?>
<!-- Generated by org.testng.reporters.JUnitReportReporter -->
<testsuite hostname="admins-MacBook-Air.local" failures="0" tests="3" name="com.automationexercise.test.cases.CheckoutTest" time="113.649" errors="0" timestamp="2022-06-22T22:53:33 CEST" skipped="0">
  <testcase classname="com.automationexercise.test.cases.CheckoutTest" name="checkoutTestCases" time="24.403"/>
  <system-out/>
  <testcase classname="com.automationexercise.test.cases.CheckoutTest" name="checkoutTestCases" time="42.166"/>
  <system-out/>
  <testcase classname="com.automationexercise.test.cases.CheckoutTest" name="checkoutTestCases" time="47.080"/>
  <system-out/>
</testsuite> <!-- com.automationexercise.test.cases.CheckoutTest -->
