<?xml version="1.0" encoding="UTF-8"?>
<!-- Generated by org.testng.reporters.JUnitReportReporter -->
<testsuite hostname="admins-MacBook-Air.local" failures="0" tests="3" name="com.automationexercise.test.cases.SignUpTest" time="86.124" errors="0" timestamp="2022-06-22T22:53:33 CEST" skipped="0">
  <testcase classname="com.automationexercise.test.cases.SignUpTest" name="signUpTestCases" time="25.204"/>
  <system-out/>
  <testcase classname="com.automationexercise.test.cases.SignUpTest" name="signUpTestCases" time="22.299"/>
  <system-out/>
  <testcase classname="com.automationexercise.test.cases.SignUpTest" name="signUpTestCases" time="38.621"/>
  <system-out/>
</testsuite> <!-- com.automationexercise.test.cases.SignUpTest -->
