<?xml version="1.0" encoding="UTF-8"?>
<!-- Generated by org.testng.reporters.JUnitReportReporter -->
<testsuite hostname="admins-MacBook-Air.local" failures="0" tests="3" name="com.automationexercise.test.cases.LogInTest" time="38.633" errors="0" timestamp="2022-06-22T22:53:33 CEST" skipped="0">
  <testcase classname="com.automationexercise.test.cases.LogInTest" name="loginTestCases" time="12.719"/>
  <system-out/>
  <testcase classname="com.automationexercise.test.cases.LogInTest" name="loginTestCases" time="13.410"/>
  <system-out/>
  <testcase classname="com.automationexercise.test.cases.LogInTest" name="loginTestCases" time="12.504"/>
  <system-out/>
</testsuite> <!-- com.automationexercise.test.cases.LogInTest -->
